#
# There is insufficient memory for the Java Runtime Environment to continue.
# Native memory allocation (malloc) failed to allocate 1048576 bytes for AllocateHeap
# Possible reasons:
#   The system is out of physical RAM or swap space
#   In 32 bit mode, the process size limit was hit
# Possible solutions:
#   Reduce memory load on the system
#   Increase physical memory or swap space
#   Check if swap backing store is full
#   Use 64 bit Java on a 64 bit OS
#   Decrease Java heap size (-Xmx/-Xms)
#   Decrease number of Java threads
#   Decrease Java thread stack sizes (-Xss)
#   Set larger code cache with -XX:ReservedCodeCacheSize=
# This output file may be truncated or incomplete.
#
#  Out of Memory Error (memory/allocation.inline.hpp:61), pid=23692, tid=0x00000000000030f4
#
# JRE version:  (8.0_111-b14) (build )
# Java VM: Java HotSpot(TM) 64-Bit Server VM (25.111-b14 mixed mode windows-amd64 compressed oops)
# Failed to write core dump. Minidumps are not enabled by default on client versions of Windows
#

---------------  T H R E A D  ---------------

Current thread (0x0000000002de0800):  JavaThread "Unknown thread" [_thread_in_vm, id=12532, stack(0x0000000002c20000,0x0000000002d20000)]

Stack: [0x0000000002c20000,0x0000000002d20000]
[error occurred during error reporting (printing stack bounds), id 0xc0000005]

Native frames: (J=compiled Java code, j=interpreted, Vv=VM code, C=native code)


---------------  P R O C E S S  ---------------

Java Threads: ( => current thread )

Other Threads:

=>0x0000000002de0800 (exited) JavaThread "Unknown thread" [_thread_in_vm, id=12532, stack(0x0000000002c20000,0x0000000002d20000)]

VM state:not at safepoint (normal execution)

VM Mutex/Monitor currently owned by a thread: None

Heap:
 PSYoungGen      total 36864K, used 634K [0x00000000d7200000, 0x00000000d9b00000, 0x0000000100000000)
  eden space 31744K, 2% used [0x00000000d7200000,0x00000000d729eb90,0x00000000d9100000)
  from space 5120K, 0% used [0x00000000d9600000,0x00000000d9600000,0x00000000d9b00000)
  to   space 5120K, 0% used [0x00000000d9100000,0x00000000d9100000,0x00000000d9600000)
 ParOldGen       total 84992K, used 0K [0x0000000085600000, 0x000000008a900000, 0x00000000d7200000)
  object space 84992K, 0% used [0x0000000085600000,0x0000000085600000,0x000000008a900000)
 Metaspace       used 770K, capacity 4480K, committed 4480K, reserved 1056768K
  class space    used 75K, capacity 384K, committed 384K, reserved 1048576K

Card table byte_map: [0x00000000122a0000,0x0000000012680000] byte_map_base: 0x0000000011e75000

Marking Bits: (ParMarkBitMap*) 0x000000005bafa6c0
 Begin Bits: [0x0000000013110000, 0x0000000014fb8000)
 End Bits:   [0x0000000014fb8000, 0x0000000016e60000)

Polling page: 0x0000000001360000

CodeCache: size=245760Kb used=328Kb max_used=328Kb free=245431Kb
 bounds [0x0000000002ee0000, 0x0000000003150000, 0x0000000011ee0000]
 total_blobs=58 nmethods=0 adapters=38
 compilation: enabled

Compilation events (0 events):
No events

GC Heap History (0 events):
No events

Deoptimization events (0 events):
No events

Internal exceptions (0 events):
No events

Events (10 events):
Event: 0.031 loading class java/lang/Short
Event: 0.031 loading class java/lang/Short done
Event: 0.031 loading class java/lang/Integer
Event: 0.031 loading class java/lang/Integer done
Event: 0.031 loading class java/lang/Long
Event: 0.031 loading class java/lang/Long done
Event: 0.032 loading class java/lang/NullPointerException
Event: 0.032 loading class java/lang/NullPointerException done
Event: 0.032 loading class java/lang/ArithmeticException
Event: 0.032 loading class java/lang/ArithmeticException done


Dynamic libraries:
0x00007ff6ec6e0000 - 0x00007ff6ec717000 	C:\Program Files\Java\jdk1.8.0_111\bin\java.exe
0x00007ffb078b0000 - 0x00007ffb07ac7000 	C:\windows\SYSTEM32\ntdll.dll
0x00007ffb07580000 - 0x00007ffb07644000 	C:\windows\System32\KERNEL32.DLL
0x00007ffb04e40000 - 0x00007ffb051f7000 	C:\windows\System32\KERNELBASE.dll
0x00007ffb060f0000 - 0x00007ffb061a2000 	C:\windows\System32\ADVAPI32.dll
0x00007ffb06660000 - 0x00007ffb06707000 	C:\windows\System32\msvcrt.dll
0x00007ffb074d0000 - 0x00007ffb07578000 	C:\windows\System32\sechost.dll
0x00007ffb05320000 - 0x00007ffb05348000 	C:\windows\System32\bcrypt.dll
0x00007ffb05a00000 - 0x00007ffb05b14000 	C:\windows\System32\RPCRT4.dll
0x00007ffb05d30000 - 0x00007ffb05edf000 	C:\windows\System32\USER32.dll
0x00007ffb04bc0000 - 0x00007ffb04be6000 	C:\windows\System32\win32u.dll
0x00007ffb06720000 - 0x00007ffb06749000 	C:\windows\System32\GDI32.dll
0x00007ffb05200000 - 0x00007ffb05318000 	C:\windows\System32\gdi32full.dll
0x00007ffb04da0000 - 0x00007ffb04e3a000 	C:\windows\System32\msvcp_win.dll
0x00007ffb054c0000 - 0x00007ffb055d1000 	C:\windows\System32\ucrtbase.dll
0x00007ffae0000000 - 0x00007ffae0293000 	C:\windows\WinSxS\amd64_microsoft.windows.common-controls_6595b64144ccf1df_6.0.22621.3672_none_2713b9d173822955\COMCTL32.dll
0x00007ffb067d0000 - 0x00007ffb06801000 	C:\windows\System32\IMM32.DLL
0x000000005b200000 - 0x000000005b2d2000 	C:\Program Files\Java\jdk1.8.0_111\jre\bin\msvcr100.dll
0x000000005b2e0000 - 0x000000005bb7a000 	C:\Program Files\Java\jdk1.8.0_111\jre\bin\server\jvm.dll
0x00007ffb06630000 - 0x00007ffb06638000 	C:\windows\System32\PSAPI.DLL
0x00007ffafd680000 - 0x00007ffafd6b4000 	C:\windows\SYSTEM32\WINMM.dll
0x00007ffad1e90000 - 0x00007ffad1e99000 	C:\windows\SYSTEM32\WSOCK32.dll
0x00007ffaf8e70000 - 0x00007ffaf8e7a000 	C:\windows\SYSTEM32\VERSION.dll
0x00007ffb055e0000 - 0x00007ffb05651000 	C:\windows\System32\WS2_32.dll
0x000000005b1b0000 - 0x000000005b1bf000 	C:\Program Files\Java\jdk1.8.0_111\jre\bin\verify.dll
0x000000005b180000 - 0x000000005b1a9000 	C:\Program Files\Java\jdk1.8.0_111\jre\bin\java.dll
0x000000005b160000 - 0x000000005b176000 	C:\Program Files\Java\jdk1.8.0_111\jre\bin\zip.dll

VM Arguments:
jvm_args: -Dfile.encoding=UTF-8 
java_command: mysystem.Mysystem
java_class_path (initial): C:\Users\alcay\OneDrive\Documents\NetBeansProjects\mysystem\src\jars\sqlite-jdbc-3.30.1.jar;C:\Users\alcay\OneDrive\Documents\NetBeansProjects\mysystem\build\classes
Launcher Type: SUN_STANDARD

Environment Variables:
JAVA_HOME=C:\Program Files\Java\jdk-22
PATH=C:\ProgramData\Oracle\Java\javapath;C:\Program Files (x86)\Common Files\Oracle\Java\java8path;C:\Program Files (x86)\Common Files\Oracle\Java\javapath;C:\windows\system32;C:\windows;C:\windows\System32\Wbem;C:\windows\System32\WindowsPowerShell\v1.0\;C:\windows\System32\OpenSSH\;C:\Program Files\HP\HP One Agent;%JAVA_HOME%\bin;C:\Program Files\Git\cmd;C:\Program Files\MySQL\MySQL Shell 8.0\bin\;C:\Users\alcay\AppData\Local\Microsoft\WindowsApps;C:\Users\alcay\AppData\Local\Programs\Microsoft VS Code\bin
USERNAME=alcay
OS=Windows_NT
PROCESSOR_IDENTIFIER=Intel64 Family 6 Model 190 Stepping 0, GenuineIntel



---------------  S Y S T E M  ---------------

OS: Windows 10.0 , 64 bit Build 22621 (10.0.22621.3958)

CPU:total 8 (8 cores per cpu, 1 threads per core) family 6 model 190 stepping 0, cmov, cx8, fxsr, mmx, sse, sse2, sse3, ssse3, sse4.1, sse4.2, popcnt, avx, avx2, aes, clmul, erms, 3dnowpref, lzcnt, tsc, tscinvbit, bmi1, bmi2, adx

Memory: 4k page, physical 8035124k(588252k free), swap 32152372k(5404k free)

vm_info: Java HotSpot(TM) 64-Bit Server VM (25.111-b14) for windows-amd64 JRE (1.8.0_111-b14), built on Sep 22 2016 19:24:05 by "java_re" with MS VC++ 10.0 (VS2010)

time: Sat Nov 09 18:23:39 2024
elapsed time: 0 seconds (0d 0h 0m 0s)

